<?xml version="1.0" encoding="UTF-8"?>
<testng-results skipped="0" failed="1" ignored="6" total="11" passed="4">
  <reporter-output>
  </reporter-output>
  <suite name="All Test Suite" duration-ms="13683" started-at="2021-03-14T01:02:16 PST" finished-at="2021-03-14T01:02:30 PST">
    <groups>
    </groups>
    <test name="TekArch Employee API Testing" duration-ms="13683" started-at="2021-03-14T01:02:16 PST" finished-at="2021-03-14T01:02:30 PST">
      <class name="src.test.java.employee_api.employee_test.CreateEmployeeData">
        <test-method status="PASS" signature="TriggerDependencies()[pri:0, instance:src.test.java.employee_api.employee_test.CreateEmployeeData@48a242ce]" name="TriggerDependencies" is-config="true" duration-ms="16" started-at="2021-03-14T01:02:16 PST" finished-at="2021-03-14T01:02:16 PST">
          <reporter-output>
          </reporter-output>
        </test-method> <!-- TriggerDependencies -->
        <test-method status="PASS" signature="gettingAuthentication()[pri:0, instance:src.test.java.employee_api.employee_test.CreateEmployeeData@48a242ce]" name="gettingAuthentication" is-config="true" duration-ms="3018" started-at="2021-03-14T01:02:16 PST" finished-at="2021-03-14T01:02:19 PST">
          <reporter-output>
          </reporter-output>
        </test-method> <!-- gettingAuthentication -->
        <test-method status="PASS" signature="accessingServer()[pri:0, instance:src.test.java.employee_api.employee_test.CreateEmployeeData@48a242ce]" name="accessingServer" is-config="true" duration-ms="2" started-at="2021-03-14T01:02:20 PST" finished-at="2021-03-14T01:02:20 PST">
          <reporter-output>
          </reporter-output>
        </test-method> <!-- accessingServer -->
        <test-method status="PASS" signature="TC_003_addData(java.util.HashMap)[pri:0, instance:src.test.java.employee_api.employee_test.CreateEmployeeData@48a242ce]" name="TC_003_addData" duration-ms="360" started-at="2021-03-14T01:02:20 PST" data-provider="addEmpData" finished-at="2021-03-14T01:02:21 PST">
          <params>
            <param index="0">
              <value>
                <![CDATA[{accountno=88884491, departmentno=1, pincode=763291, salary=4000}]]>
              </value>
            </param>
          </params>
          <reporter-output>
          </reporter-output>
        </test-method> <!-- TC_003_addData -->
        <test-method status="PASS" signature="accessingServer()[pri:0, instance:src.test.java.employee_api.employee_test.CreateEmployeeData@48a242ce]" name="accessingServer" is-config="true" duration-ms="1" started-at="2021-03-14T01:02:21 PST" finished-at="2021-03-14T01:02:21 PST">
          <reporter-output>
          </reporter-output>
        </test-method> <!-- accessingServer -->
        <test-method status="PASS" signature="TC_003_addData(java.util.HashMap)[pri:0, instance:src.test.java.employee_api.employee_test.CreateEmployeeData@48a242ce]" name="TC_003_addData" duration-ms="247" started-at="2021-03-14T01:02:21 PST" data-provider="addEmpData" finished-at="2021-03-14T01:02:21 PST">
          <params>
            <param index="0">
              <value>
                <![CDATA[{accountno=99999123, departmentno=1, salary=5333, pincode=901234}]]>
              </value>
            </param>
          </params>
          <reporter-output>
          </reporter-output>
        </test-method> <!-- TC_003_addData -->
        <test-method status="PASS" signature="shuttingDownAllDependencies()[pri:0, instance:src.test.java.employee_api.employee_test.CreateEmployeeData@48a242ce]" name="shuttingDownAllDependencies" is-config="true" duration-ms="1" started-at="2021-03-14T01:02:30 PST" finished-at="2021-03-14T01:02:30 PST">
          <reporter-output>
          </reporter-output>
        </test-method> <!-- shuttingDownAllDependencies -->
      </class> <!-- src.test.java.employee_api.employee_test.CreateEmployeeData -->
      <class name="src.test.java.employee_api.employee_test.UpdateEmployeeData">
        <test-method status="PASS" signature="gettingAuthentication()[pri:0, instance:src.test.java.employee_api.employee_test.UpdateEmployeeData@4b9e255]" name="gettingAuthentication" is-config="true" duration-ms="395" started-at="2021-03-14T01:02:20 PST" finished-at="2021-03-14T01:02:20 PST">
          <reporter-output>
          </reporter-output>
        </test-method> <!-- gettingAuthentication -->
        <test-method status="PASS" signature="TC_004_updateData(org.json.JSONObject)[pri:0, instance:src.test.java.employee_api.employee_test.UpdateEmployeeData@4b9e255]" name="TC_004_updateData" duration-ms="2242" started-at="2021-03-14T01:02:28 PST" data-provider="updateEmpData" finished-at="2021-03-14T01:02:30 PST">
          <params>
            <param index="0">
              <value>
                <![CDATA[{"pincode":"763291","accountno":"99999823;","departmentno":"1","id":"DbyGAz2YJcbcT6Rc7BUk","salary":"4000","userid":"Zkr5GwJhXN3dOEP2fImf"}]]>
              </value>
            </param>
          </params>
          <reporter-output>
          </reporter-output>
        </test-method> <!-- TC_004_updateData -->
        <test-method status="PASS" signature="accessingServer()[pri:0, instance:src.test.java.employee_api.employee_test.UpdateEmployeeData@4b9e255]" name="accessingServer" is-config="true" duration-ms="0" started-at="2021-03-14T01:02:28 PST" finished-at="2021-03-14T01:02:28 PST">
          <reporter-output>
          </reporter-output>
        </test-method> <!-- accessingServer -->
      </class> <!-- src.test.java.employee_api.employee_test.UpdateEmployeeData -->
      <class name="src.test.java.employee_api.employee_test.GetEmployeeData">
        <test-method status="PASS" signature="gettingAuthentication()[pri:0, instance:src.test.java.employee_api.employee_test.GetEmployeeData@4f51b3e0]" name="gettingAuthentication" is-config="true" duration-ms="315" started-at="2021-03-14T01:02:20 PST" finished-at="2021-03-14T01:02:20 PST">
          <reporter-output>
          </reporter-output>
        </test-method> <!-- gettingAuthentication -->
        <test-method status="PASS" signature="accessingServer()[pri:0, instance:src.test.java.employee_api.employee_test.GetEmployeeData@4f51b3e0]" name="accessingServer" is-config="true" duration-ms="0" started-at="2021-03-14T01:02:26 PST" finished-at="2021-03-14T01:02:26 PST">
          <reporter-output>
          </reporter-output>
        </test-method> <!-- accessingServer -->
        <test-method status="PASS" signature="TC_001_getData()[pri:0, instance:src.test.java.employee_api.employee_test.GetEmployeeData@4f51b3e0]" name="TC_001_getData" duration-ms="1989" started-at="2021-03-14T01:02:26 PST" finished-at="2021-03-14T01:02:28 PST">
          <reporter-output>
          </reporter-output>
        </test-method> <!-- TC_001_getData -->
      </class> <!-- src.test.java.employee_api.employee_test.GetEmployeeData -->
      <class name="src.test.java.employee_api.employee_test.DeleteEmployeeData">
        <test-method status="PASS" signature="gettingAuthentication()[pri:0, instance:src.test.java.employee_api.employee_test.DeleteEmployeeData@1e4a7dd4]" name="gettingAuthentication" is-config="true" duration-ms="369" started-at="2021-03-14T01:02:19 PST" finished-at="2021-03-14T01:02:20 PST">
          <reporter-output>
          </reporter-output>
        </test-method> <!-- gettingAuthentication -->
        <test-method status="PASS" signature="accessingServer()[pri:0, instance:src.test.java.employee_api.employee_test.DeleteEmployeeData@1e4a7dd4]" name="accessingServer" is-config="true" duration-ms="1" started-at="2021-03-14T01:02:21 PST" finished-at="2021-03-14T01:02:21 PST">
          <reporter-output>
          </reporter-output>
        </test-method> <!-- accessingServer -->
        <test-method status="FAIL" signature="TC_005_deleteData(org.json.JSONObject)[pri:0, instance:src.test.java.employee_api.employee_test.DeleteEmployeeData@1e4a7dd4]" name="TC_005_deleteData" duration-ms="4669" started-at="2021-03-14T01:02:21 PST" data-provider="deleteEmpData" finished-at="2021-03-14T01:02:26 PST">
          <params>
            <param index="0">
              <value>
                <![CDATA[{"userid":"Zkr5GwJhXN3dOEP2fImf"}]]>
              </value>
            </param>
          </params>
          <exception class="java.lang.AssertionError">
            <message>
              <![CDATA[
Expected: a value equal to <200>
     but: <500> was greater than <200>]]>
            </message>
            <full-stacktrace>
              <![CDATA[java.lang.AssertionError: 
Expected: a value equal to <200>
     but: <500> was greater than <200>
at org.hamcrest.MatcherAssert.assertThat(MatcherAssert.java:20)
at org.hamcrest.MatcherAssert.assertThat(MatcherAssert.java:8)
at src.test.java.employee_api.employee_test.DeleteEmployeeData.TC_005_deleteData(DeleteEmployeeData.java:34)
at sun.reflect.NativeMethodAccessorImpl.invoke0(Native Method)
at sun.reflect.NativeMethodAccessorImpl.invoke(NativeMethodAccessorImpl.java:62)
at sun.reflect.DelegatingMethodAccessorImpl.invoke(DelegatingMethodAccessorImpl.java:43)
at java.lang.reflect.Method.invoke(Method.java:498)
at org.testng.internal.MethodInvocationHelper.invokeMethod(MethodInvocationHelper.java:134)
at org.testng.internal.TestInvoker.invokeMethod(TestInvoker.java:597)
at org.testng.internal.TestInvoker.invokeTestMethod(TestInvoker.java:173)
at org.testng.internal.MethodRunner.runInSequence(MethodRunner.java:46)
at org.testng.internal.TestInvoker$MethodInvocationAgent.invoke(TestInvoker.java:816)
at org.testng.internal.TestInvoker.invokeTestMethods(TestInvoker.java:146)
at org.testng.internal.TestMethodWorker.invokeTestMethods(TestMethodWorker.java:146)
at org.testng.internal.TestMethodWorker.run(TestMethodWorker.java:128)
at java.util.ArrayList.forEach(ArrayList.java:1259)
at org.testng.TestRunner.privateRun(TestRunner.java:766)
at org.testng.TestRunner.run(TestRunner.java:587)
at org.testng.SuiteRunner.runTest(SuiteRunner.java:384)
at org.testng.SuiteRunner.runSequentially(SuiteRunner.java:378)
at org.testng.SuiteRunner.privateRun(SuiteRunner.java:337)
at org.testng.SuiteRunner.run(SuiteRunner.java:286)
at org.testng.SuiteRunnerWorker.runSuite(SuiteRunnerWorker.java:53)
at org.testng.SuiteRunnerWorker.run(SuiteRunnerWorker.java:96)
at org.testng.TestNG.runSuitesSequentially(TestNG.java:1187)
at org.testng.TestNG.runSuitesLocally(TestNG.java:1109)
at org.testng.TestNG.runSuites(TestNG.java:1039)
at org.testng.TestNG.run(TestNG.java:1007)
at com.intellij.rt.testng.IDEARemoteTestNG.run(IDEARemoteTestNG.java:66)
at com.intellij.rt.testng.RemoteTestNGStarter.main(RemoteTestNGStarter.java:109)
]]>
            </full-stacktrace>
          </exception> <!-- java.lang.AssertionError -->
          <reporter-output>
          </reporter-output>
        </test-method> <!-- TC_005_deleteData -->
      </class> <!-- src.test.java.employee_api.employee_test.DeleteEmployeeData -->
    </test> <!-- TekArch Employee API Testing -->
  </suite> <!-- All Test Suite -->
</testng-results>
